<?xml version="1.0" encoding="UTF-8"?>
<testsuite name="org.springframework.transaction.aspectj.TransactionAspectTests" tests="12" skipped="0" failures="0" errors="0" timestamp="2019-08-01T13:25:03" hostname="localhost" time="0.011">
  <properties/>
  <testcase name="commitOnAnnotatedPrivateMethod" classname="org.springframework.transaction.aspectj.TransactionAspectTests" time="0.002"/>
  <testcase name="notTransactional" classname="org.springframework.transaction.aspectj.TransactionAspectTests" time="0.0"/>
  <testcase name="noCommitOnImplementationOfAnnotatedInterface" classname="org.springframework.transaction.aspectj.TransactionAspectTests" time="0.001"/>
  <testcase name="defaultRollbackOnAnnotatedClass" classname="org.springframework.transaction.aspectj.TransactionAspectTests" time="0.001"/>
  <testcase name="commitOnAnnotatedProtectedMethod" classname="org.springframework.transaction.aspectj.TransactionAspectTests" time="0.0"/>
  <testcase name="commitOnNonAnnotatedNonPublicMethodInTransactionalType" classname="org.springframework.transaction.aspectj.TransactionAspectTests" time="0.0"/>
  <testcase name="defaultCommitOnSubclassOfAnnotatedClass" classname="org.springframework.transaction.aspectj.TransactionAspectTests" time="0.001"/>
  <testcase name="testCommitOnAnnotatedClass" classname="org.springframework.transaction.aspectj.TransactionAspectTests" time="0.001"/>
  <testcase name="commitOnAnnotatedMethod" classname="org.springframework.transaction.aspectj.TransactionAspectTests" time="0.0"/>
  <testcase name="defaultCommitOnSubclassOfClassWithTransactionalMethodAnnotated" classname="org.springframework.transaction.aspectj.TransactionAspectTests" time="0.001"/>
  <testcase name="defaultCommitOnAnnotatedClass" classname="org.springframework.transaction.aspectj.TransactionAspectTests" time="0.001"/>
  <testcase name="noRollbackOnImplementationOfAnnotatedInterface" classname="org.springframework.transaction.aspectj.TransactionAspectTests" time="0.001"/>
  <system-out><![CDATA[]]></system-out>
  <system-err><![CDATA[]]></system-err>
</testsuite>
